<?xml version="1.0" encoding="utf-8" standalone="no"?>
<!--This file represents the results of running a test suite-->
<test-results name="C:\GitHub\Projects\ReverserTests\ReverserTests\bin\Release\ReverserTests.dll" total="1" errors="0" failures="0" not-run="0" inconclusive="0" ignored="0" skipped="0" invalid="0" date="2013-03-25" time="11:26:50">
  <environment nunit-version="2.6.2.12296" clr-version="2.0.50727.5466" os-version="Microsoft Windows NT 6.1.7601 Service Pack 1" platform="Win32NT" cwd="C:\Program Files (x86)\NUnit 2.6.2\bin" machine-name="UK-CZC20100SC" user="Ian Fergus" user-domain="MOODMEDIA" />
  <culture-info current-culture="en-GB" current-uiculture="en-US" />
  <test-suite type="Assembly" name="C:\GitHub\Projects\ReverserTests\ReverserTests\bin\Release\ReverserTests.dll" executed="True" result="Success" success="True" time="0.096" asserts="0">
    <results>
      <test-suite type="Namespace" name="ReverserTests" executed="True" result="Success" success="True" time="0.075" asserts="0">
        <results>
          <test-suite type="TestFixture" name="ReverseTextTests" executed="True" result="Success" success="True" time="0.073" asserts="0">
            <results>
              <test-case name="ReverserTests.ReverseTextTests.ValidTextReversalReturnsValidReversedText" executed="True" result="Success" success="True" time="0.059" asserts="1" />
            </results>
          </test-suite>
        </results>
      </test-suite>
    </results>
  </test-suite>
</test-results>